<?xml version="1.0" encoding="UTF-8"?>
<testng-results skipped="0" failed="0" total="2" passed="2">
  <reporter-output>
  </reporter-output>
  <suite name="Suite" duration-ms="90862" started-at="2019-05-06T05:24:48Z" finished-at="2019-05-06T05:26:19Z">
    <groups>
    </groups>
    <test name="Test" duration-ms="90862" started-at="2019-05-06T05:24:48Z" finished-at="2019-05-06T05:26:19Z">
      <class name="Scripts.InvalidLogin">
        <test-method status="PASS" signature="openApplication()[pri:0, instance:Scripts.InvalidLogin@148080bb]" name="openApplication" is-config="true" duration-ms="26207" started-at="2019-05-06T10:55:51Z" finished-at="2019-05-06T10:56:17Z">
          <reporter-output>
          </reporter-output>
        </test-method> <!-- openApplication -->
        <test-method status="PASS" signature="testValidLogin()[pri:0, instance:Scripts.InvalidLogin@148080bb]" name="testValidLogin" duration-ms="115" started-at="2019-05-06T10:56:17Z" finished-at="2019-05-06T10:56:17Z">
          <reporter-output>
          </reporter-output>
        </test-method> <!-- testValidLogin -->
        <test-method status="PASS" signature="closeApplication(org.testng.ITestResult)[pri:0, instance:Scripts.InvalidLogin@148080bb]" name="closeApplication" is-config="true" duration-ms="2037" started-at="2019-05-06T10:56:17Z" finished-at="2019-05-06T10:56:19Z">
          <params>
            <param index="0">
              <value>
                <![CDATA[[TestResult name=testValidLogin status=SUCCESS method=InvalidLogin.testValidLogin()[pri:0, instance:Scripts.InvalidLogin@148080bb] output={null}]]]>
              </value>
            </param>
          </params>
          <reporter-output>
          </reporter-output>
        </test-method> <!-- closeApplication -->
      </class> <!-- Scripts.InvalidLogin -->
      <class name="Scripts.TestValidLogin">
        <test-method status="PASS" signature="openApplication()[pri:0, instance:Scripts.TestValidLogin@55d56113]" name="openApplication" is-config="true" duration-ms="48114" started-at="2019-05-06T10:54:48Z" finished-at="2019-05-06T10:55:36Z">
          <reporter-output>
          </reporter-output>
        </test-method> <!-- openApplication -->
        <test-method status="PASS" signature="testValidLogin()[pri:0, instance:Scripts.TestValidLogin@55d56113]" name="testValidLogin" duration-ms="9812" started-at="2019-05-06T10:55:36Z" finished-at="2019-05-06T10:55:46Z">
          <reporter-output>
          </reporter-output>
        </test-method> <!-- testValidLogin -->
        <test-method status="PASS" signature="closeApplication(org.testng.ITestResult)[pri:0, instance:Scripts.TestValidLogin@55d56113]" name="closeApplication" is-config="true" duration-ms="4548" started-at="2019-05-06T10:55:46Z" finished-at="2019-05-06T10:55:51Z">
          <params>
            <param index="0">
              <value>
                <![CDATA[[TestResult name=testValidLogin status=SUCCESS method=TestValidLogin.testValidLogin()[pri:0, instance:Scripts.TestValidLogin@55d56113] output={null}]]]>
              </value>
            </param>
          </params>
          <reporter-output>
          </reporter-output>
        </test-method> <!-- closeApplication -->
      </class> <!-- Scripts.TestValidLogin -->
    </test> <!-- Test -->
  </suite> <!-- Suite -->
</testng-results>
