<?xml version="1.0" encoding="UTF-8"?>
<!-- Generated by org.testng.reporters.JUnitXMLReporter -->
<testsuite hostname="DESKTOP-PTVJCGN" name="Test" tests="9" failures="2" timestamp="30 Aug 2019 14:15:10 GMT" time="0.14" errors="0">
  <testcase name="tc_1" time="0.028" classname="TestngDemo.testng5">
    <failure type="java.lang.AssertionError" message="null">
      <![CDATA[java.lang.AssertionError: null
	at TestngDemo.testNg4.tc_1(testNg4.java:10)
... Removed 27 stack frames]]>
    </failure>
  </testcase> <!-- tc_1 -->
  <testcase name="tc_4" time="0.002" classname="TestngDemo.testng5"/>
  <testcase name="tc_5" time="0.002" classname="TestngDemo.testng5"/>
  <testcase name="tc_2" time="0.0" classname="TestngDemo.testng5">
    <skipped/>
  </testcase> <!-- tc_2 -->
  <testcase name="tc_3" time="0.0" classname="TestngDemo.testng5">
    <skipped/>
  </testcase> <!-- tc_3 -->
  <testcase name="tc_6" time="0.0" classname="TestngDemo.testng5">
    <skipped/>
  </testcase> <!-- tc_6 -->
  <testcase name="tc_1" time="0.002" classname="TestngDemo.testNg4">
    <failure type="java.lang.AssertionError" message="null">
      <![CDATA[java.lang.AssertionError: null
	at TestngDemo.testNg4.tc_1(testNg4.java:10)
... Removed 27 stack frames]]>
    </failure>
  </testcase> <!-- tc_1 -->
  <testcase name="tc_2" time="0.0" classname="TestngDemo.testNg4">
    <skipped/>
  </testcase> <!-- tc_2 -->
  <testcase name="tc_3" time="0.0" classname="TestngDemo.testNg4">
    <skipped/>
  </testcase> <!-- tc_3 -->
</testsuite> <!-- Test -->
