<?xml version="1.0" encoding="UTF-8"?>
<!-- Generated by org.testng.reporters.JUnitXMLReporter -->
<testsuite hostname="DESKTOP-PTVJCGN" name="Test" tests="2" failures="2" timestamp="25 Apr 2019 07:15:08 GMT" time="7.622" errors="0">
  <testcase name="login" time="7.595" classname="TestngDemo.TestlinkerWithScreenShot">
    <failure type="java.lang.AssertionError" message="expected [ggolrs] but found [Google]">
      <![CDATA[java.lang.AssertionError: expected [ggolrs] but found [Google]
	at TestngDemo.TestlinkerWithScreenShot.login(TestlinkerWithScreenShot.java:18)
... Removed 31 stack frames]]>
    </failure>
  </testcase> <!-- login -->
  <testcase name="login" time="7.603" classname="TestngDemo.TestlinkerWithScreenShot">
    <failure type="java.lang.NullPointerException">
      <![CDATA[java.lang.NullPointerException
	at TestngDemo.BaseClass12.Screenshot(BaseClass12.java:17)
	at TestngDemo.Listenerswait.onTestFailure(Listenerswait.java:31)
... Removed 22 stack frames]]>
    </failure>
  </testcase> <!-- login -->
</testsuite> <!-- Test -->
