<?xml version="1.0" encoding="UTF-8"?>
<!-- Generated by org.testng.reporters.JUnitXMLReporter -->
<testsuite hostname="DESKTOP-PTVJCGN" name="testdemoTest" tests="6" failures="1" timestamp="20 Apr 2019 10:40:05 GMT" time="0.129" errors="0">
  <testcase name="tc_4" time="0.014" classname="TestngDemo.testng5"/>
  <testcase name="tc_5" time="0.003" classname="TestngDemo.testng5"/>
  <testcase name="tc_6" time="0.002" classname="TestngDemo.testng5"/>
  <testcase name="tc_1" time="0.005" classname="TestngDemo.testNg4">
    <failure type="java.lang.AssertionError" message="null">
      <![CDATA[java.lang.AssertionError: null
	at TestngDemo.testNg4.tc_1(testNg4.java:10)
... Removed 27 stack frames]]>
    </failure>
  </testcase> <!-- tc_1 -->
  <testcase name="tc_2" time="0.0" classname="TestngDemo.testNg4">
    <skipped/>
  </testcase> <!-- tc_2 -->
  <testcase name="tc_3" time="0.0" classname="TestngDemo.testNg4">
    <skipped/>
  </testcase> <!-- tc_3 -->
</testsuite> <!-- testdemoTest -->
