<?xml version="1.0" encoding="UTF-8"?>
<!-- Generated by org.testng.reporters.JUnitXMLReporter -->
<testsuite hostname="DESKTOP-PTVJCGN" name="tetTest" tests="4" failures="1" timestamp="22 Apr 2019 07:09:20 GMT" time="0.102" errors="0">
  <testcase name="tc_6" time="0.021" classname="TestngDemo.testng5"/>
  <testcase name="tc_1" time="0.008" classname="TestngDemo.testNg4">
    <failure type="java.lang.AssertionError" message="null">
      <![CDATA[java.lang.AssertionError: null
	at TestngDemo.testNg4.tc_1(testNg4.java:10)
... Removed 27 stack frames]]>
    </failure>
  </testcase> <!-- tc_1 -->
  <testcase name="tc_2" time="0.0" classname="TestngDemo.testNg4">
    <skipped/>
  </testcase> <!-- tc_2 -->
  <testcase name="tc_3" time="0.0" classname="TestngDemo.testNg4">
    <skipped/>
  </testcase> <!-- tc_3 -->
</testsuite> <!-- tetTest -->
