<?xml version="1.0" encoding="UTF-8"?>
<testng-results skipped="0" failed="0" total="1" passed="1">
  <reporter-output>
  </reporter-output>
  <suite name="Default suite" duration-ms="21764" started-at="2019-09-12T05:38:44Z" finished-at="2019-09-12T05:39:05Z">
    <groups>
    </groups>
    <test name="Default test" duration-ms="21764" started-at="2019-09-12T05:38:44Z" finished-at="2019-09-12T05:39:05Z">
      <class name="Listenrs.demo.TestCases">
        <test-method status="PASS" signature="Login()[pri:0, instance:Listenrs.demo.TestCases@2f217633]" name="Login" duration-ms="21634" started-at="2019-09-12T11:08:44Z" finished-at="2019-09-12T11:09:05Z">
          <reporter-output>
          </reporter-output>
        </test-method> <!-- Login -->
      </class> <!-- Listenrs.demo.TestCases -->
    </test> <!-- Default test -->
  </suite> <!-- Default suite -->
</testng-results>
